2025-04-29 17:57:43 DEBUG : Open log file...
2025-04-29 17:57:43 INFO  : Using tfasta weights file ./100Kchr10_fa2fa_02.fa.NonSyn.WEIGHTS.gz
2025-04-29 17:57:43 INFO  : Validating tfasta weights file ./100Kchr10_fa2fa_02.fa.NonSyn.WEIGHTS.gz
2025-04-29 17:57:43 INFO  : tfasta weights file ./100Kchr10_fa2fa_02.fa.NonSyn.WEIGHTS.gz is valid
2025-04-29 17:57:43 DEBUG : Reallocating memory for wP, wPV and wV
2025-04-29 17:57:43 DEBUG : Reallocating memory for wP, wPV and wV
2025-04-29 17:57:43 DEBUG : Reallocating memory for wP, wPV and wV
2025-04-29 17:57:43 DEBUG : Reallocating memory for wP, wPV and wV
2025-04-29 17:57:43 DEBUG : Reallocating memory for wP, wPV and wV
2025-04-29 17:57:43 DEBUG : Reallocating memory for wP, wPV and wV
2025-04-29 17:57:43 DEBUG : Reallocating memory for wP, wPV and wV
2025-04-29 17:57:43 DEBUG : Reallocating memory for wP, wPV and wV
2025-04-29 17:57:43 DEBUG : Reallocating memory for wP, wPV and wV
2025-04-29 17:57:43 DEBUG : Reallocating memory for wP, wPV and wV
2025-04-29 17:57:43 DEBUG : Reallocating memory for wP, wPV and wV
2025-04-29 17:57:43 DEBUG : Reallocating memory for wP, wPV and wV
2025-04-29 17:57:43 DEBUG : Reallocating memory for wP, wPV and wV
2025-04-29 17:57:43 DEBUG : Reallocating memory for wP, wPV and wV
2025-04-29 17:57:43 DEBUG : Reallocating memory for wP, wPV and wV
2025-04-29 17:57:43 DEBUG : Reallocating memory for wP, wPV and wV
2025-04-29 17:57:43 DEBUG : Reallocating memory for wP, wPV and wV
2025-04-29 17:57:43 DEBUG : Reallocating memory for wP, wPV and wV
2025-04-29 17:57:43 DEBUG : Reallocating memory for wP, wPV and wV
2025-04-29 17:57:43 DEBUG : Reallocating memory for wP, wPV and wV
2025-04-29 17:57:43 DEBUG : Reallocating memory for wP, wPV and wV
2025-04-29 17:57:43 DEBUG : Reallocating memory for wP, wPV and wV
2025-04-29 17:57:43 DEBUG : Reallocating memory for wP, wPV and wV
2025-04-29 17:57:43 DEBUG : Reallocating memory for wP, wPV and wV
2025-04-29 17:57:43 DEBUG : Reallocating memory for wP, wPV and wV
2025-04-29 17:57:43 DEBUG : Reallocating memory for wP, wPV and wV
2025-04-29 17:57:43 DEBUG : Reallocating memory for wP, wPV and wV
2025-04-29 17:57:43 DEBUG : Reallocating memory for wP, wPV and wV
2025-04-29 17:57:43 DEBUG : Reallocating memory for wP, wPV and wV
2025-04-29 17:57:43 DEBUG : Reallocating memory for wP, wPV and wV
2025-04-29 17:57:43 DEBUG : Reallocating memory for wP, wPV and wV
2025-04-29 17:57:43 DEBUG : Reallocating memory for wP, wPV and wV
2025-04-29 17:57:43 DEBUG : Reallocating memory for wP, wPV and wV
2025-04-29 17:57:43 DEBUG : Reallocating memory for wP, wPV and wV
2025-04-29 17:57:43 DEBUG : Reallocating memory for wP, wPV and wV
2025-04-29 17:57:43 DEBUG : Reallocating memory for wP, wPV and wV
2025-04-29 17:57:43 DEBUG : Reallocating memory for wP, wPV and wV
2025-04-29 17:57:43 DEBUG : Reallocating memory for wP, wPV and wV
2025-04-29 17:57:43 DEBUG : Reallocating memory for wP, wPV and wV
2025-04-29 17:57:43 DEBUG : Reallocating memory for wP, wPV and wV
2025-04-29 17:57:43 DEBUG : Reallocating memory for wP, wPV and wV
2025-04-29 17:57:43 DEBUG : Reallocating memory for wP, wPV and wV
2025-04-29 17:57:43 DEBUG : Reallocating memory for wP, wPV and wV
2025-04-29 17:57:43 DEBUG : Reallocating memory for wP, wPV and wV
2025-04-29 17:57:43 DEBUG : Reallocating memory for wP, wPV and wV
2025-04-29 17:57:43 DEBUG : Reallocating memory for wP, wPV and wV
2025-04-29 17:57:43 DEBUG : Reallocating memory for wP, wPV and wV
2025-04-29 17:57:43 DEBUG : Reallocating memory for wP, wPV and wV
2025-04-29 17:57:43 DEBUG : Reallocating memory for wP, wPV and wV
2025-04-29 17:57:43 DEBUG : Reallocating memory for wP, wPV and wV
2025-04-29 17:57:43 DEBUG : Reallocating memory for wP, wPV and wV
2025-04-29 17:57:43 DEBUG : Reallocating memory for wP, wPV and wV
2025-04-29 17:57:43 DEBUG : Reallocating memory for wP, wPV and wV
2025-04-29 17:57:43 DEBUG : Reallocating memory for wP, wPV and wV
2025-04-29 17:57:43 DEBUG : Reallocating memory for wP, wPV and wV
2025-04-29 17:57:43 DEBUG : Reallocating memory for wP, wPV and wV
2025-04-29 17:57:43 DEBUG : Reallocating memory for wP, wPV and wV
2025-04-29 17:57:43 DEBUG : Reallocating memory for wP, wPV and wV
2025-04-29 17:57:43 DEBUG : Reallocating memory for wP, wPV and wV
2025-04-29 17:57:43 DEBUG : Reallocating memory for wP, wPV and wV
2025-04-29 17:57:43 DEBUG : Reallocating memory for wP, wPV and wV
2025-04-29 17:57:43 DEBUG : Reallocating memory for wP, wPV and wV
2025-04-29 17:57:43 DEBUG : Reallocating memory for wP, wPV and wV
2025-04-29 17:57:43 DEBUG : Reallocating memory for wP, wPV and wV
2025-04-29 17:57:43 DEBUG : Reallocating memory for wP, wPV and wV
2025-04-29 17:57:43 DEBUG : Reallocating memory for wP, wPV and wV
2025-04-29 17:57:43 DEBUG : Reallocating memory for wP, wPV and wV
2025-04-29 17:57:43 DEBUG : Reallocating memory for wP, wPV and wV
2025-04-29 17:57:43 DEBUG : Reallocating memory for wP, wPV and wV
2025-04-29 17:57:43 DEBUG : Reallocating memory for wP, wPV and wV
2025-04-29 17:57:43 DEBUG : Reallocating memory for wP, wPV and wV
2025-04-29 17:57:43 DEBUG : Reallocating memory for wP, wPV and wV
2025-04-29 17:57:43 DEBUG : Reallocating memory for wP, wPV and wV
2025-04-29 17:57:43 DEBUG : Reallocating memory for wP, wPV and wV
2025-04-29 17:57:43 DEBUG : Reallocating memory for wP, wPV and wV
2025-04-29 17:57:43 DEBUG : Reallocating memory for wP, wPV and wV
2025-04-29 17:57:43 DEBUG : Reallocating memory for wP, wPV and wV
2025-04-29 17:57:43 DEBUG : Reallocating memory for wP, wPV and wV
2025-04-29 17:57:43 DEBUG : Reallocating memory for wP, wPV and wV
2025-04-29 17:57:43 DEBUG : Reallocating memory for wP, wPV and wV
2025-04-29 17:57:43 DEBUG : Reallocating memory for wP, wPV and wV
2025-04-29 17:57:43 DEBUG : Reallocating memory for wP, wPV and wV
2025-04-29 17:57:43 DEBUG : Reallocating memory for wP, wPV and wV
2025-04-29 17:57:43 DEBUG : Reallocating memory for wP, wPV and wV
2025-04-29 17:57:43 DEBUG : Reallocating memory for wP, wPV and wV
2025-04-29 17:57:43 DEBUG : Reallocating memory for wP, wPV and wV
2025-04-29 17:57:43 DEBUG : Reallocating memory for wP, wPV and wV
2025-04-29 17:57:43 DEBUG : Reallocating memory for wP, wPV and wV
2025-04-29 17:57:43 DEBUG : Reallocating memory for wP, wPV and wV
2025-04-29 17:57:43 DEBUG : Reallocating memory for wP, wPV and wV
2025-04-29 17:57:43 DEBUG : Reallocating memory for wP, wPV and wV
2025-04-29 17:57:43 DEBUG : Reallocating memory for wP, wPV and wV
2025-04-29 17:57:43 DEBUG : Reallocating memory for wP, wPV and wV
2025-04-29 17:57:43 DEBUG : Reallocating memory for wP, wPV and wV
2025-04-29 17:57:43 DEBUG : Reallocating memory for wP, wPV and wV
2025-04-29 17:57:43 DEBUG : Reallocating memory for wP, wPV and wV
2025-04-29 17:57:43 DEBUG : Reallocating memory for wP, wPV and wV
2025-04-29 17:57:43 DEBUG : Reallocating memory for wP, wPV and wV
2025-04-29 17:57:43 DEBUG : Reallocating memory for wP, wPV and wV
2025-04-29 17:57:43 INFO  : Reading input file...
2025-04-29 17:57:43 INFO  : Write fasta file for specific regions...
2025-04-29 17:57:53 INFO  : Program Ended
