2025-01-07 03:42:54 DEBUG : Open log file...
2025-01-07 03:42:54 INFO  : Using tfasta weights file ./100Kchr10_fa2fa_06.fa_npops1_nsam84_nonsynonymous_max_IncludeMissingVariantsmhits_NOoutg_ploidy2_TFAv2_WEIGHTS.gz
2025-01-07 03:42:54 INFO  : Validating tfasta weights file ./100Kchr10_fa2fa_06.fa_npops1_nsam84_nonsynonymous_max_IncludeMissingVariantsmhits_NOoutg_ploidy2_TFAv2_WEIGHTS.gz
2025-01-07 03:42:54 INFO  : tfasta weights file ./100Kchr10_fa2fa_06.fa_npops1_nsam84_nonsynonymous_max_IncludeMissingVariantsmhits_NOoutg_ploidy2_TFAv2_WEIGHTS.gz is valid
2025-01-07 03:42:54 DEBUG : Reallocating memory for wP, wPV and wV
2025-01-07 03:42:54 DEBUG : Reallocating memory for wP, wPV and wV
2025-01-07 03:42:54 DEBUG : Reallocating memory for wP, wPV and wV
2025-01-07 03:42:54 DEBUG : Reallocating memory for wP, wPV and wV
2025-01-07 03:42:54 DEBUG : Reallocating memory for wP, wPV and wV
2025-01-07 03:42:54 DEBUG : Reallocating memory for wP, wPV and wV
2025-01-07 03:42:54 DEBUG : Reallocating memory for wP, wPV and wV
2025-01-07 03:42:54 DEBUG : Reallocating memory for wP, wPV and wV
2025-01-07 03:42:54 DEBUG : Reallocating memory for wP, wPV and wV
2025-01-07 03:42:54 DEBUG : Reallocating memory for wP, wPV and wV
2025-01-07 03:42:54 DEBUG : Reallocating memory for wP, wPV and wV
2025-01-07 03:42:54 DEBUG : Reallocating memory for wP, wPV and wV
2025-01-07 03:42:54 DEBUG : Reallocating memory for wP, wPV and wV
2025-01-07 03:42:54 DEBUG : Reallocating memory for wP, wPV and wV
2025-01-07 03:42:54 DEBUG : Reallocating memory for wP, wPV and wV
2025-01-07 03:42:54 DEBUG : Reallocating memory for wP, wPV and wV
2025-01-07 03:42:54 DEBUG : Reallocating memory for wP, wPV and wV
2025-01-07 03:42:54 DEBUG : Reallocating memory for wP, wPV and wV
2025-01-07 03:42:54 DEBUG : Reallocating memory for wP, wPV and wV
2025-01-07 03:42:54 DEBUG : Reallocating memory for wP, wPV and wV
2025-01-07 03:42:54 DEBUG : Reallocating memory for wP, wPV and wV
2025-01-07 03:42:54 DEBUG : Reallocating memory for wP, wPV and wV
2025-01-07 03:42:54 DEBUG : Reallocating memory for wP, wPV and wV
2025-01-07 03:42:54 DEBUG : Reallocating memory for wP, wPV and wV
2025-01-07 03:42:54 DEBUG : Reallocating memory for wP, wPV and wV
2025-01-07 03:42:54 DEBUG : Reallocating memory for wP, wPV and wV
2025-01-07 03:42:54 DEBUG : Reallocating memory for wP, wPV and wV
2025-01-07 03:42:54 DEBUG : Reallocating memory for wP, wPV and wV
2025-01-07 03:42:54 DEBUG : Reallocating memory for wP, wPV and wV
2025-01-07 03:42:54 DEBUG : Reallocating memory for wP, wPV and wV
2025-01-07 03:42:54 DEBUG : Reallocating memory for wP, wPV and wV
2025-01-07 03:42:54 DEBUG : Reallocating memory for wP, wPV and wV
2025-01-07 03:42:54 DEBUG : Reallocating memory for wP, wPV and wV
2025-01-07 03:42:54 DEBUG : Reallocating memory for wP, wPV and wV
2025-01-07 03:42:54 DEBUG : Reallocating memory for wP, wPV and wV
2025-01-07 03:42:54 DEBUG : Reallocating memory for wP, wPV and wV
2025-01-07 03:42:54 DEBUG : Reallocating memory for wP, wPV and wV
2025-01-07 03:42:54 DEBUG : Reallocating memory for wP, wPV and wV
2025-01-07 03:42:54 DEBUG : Reallocating memory for wP, wPV and wV
2025-01-07 03:42:54 DEBUG : Reallocating memory for wP, wPV and wV
2025-01-07 03:42:54 DEBUG : Reallocating memory for wP, wPV and wV
2025-01-07 03:42:54 DEBUG : Reallocating memory for wP, wPV and wV
2025-01-07 03:42:54 DEBUG : Reallocating memory for wP, wPV and wV
2025-01-07 03:42:54 DEBUG : Reallocating memory for wP, wPV and wV
2025-01-07 03:42:54 DEBUG : Reallocating memory for wP, wPV and wV
2025-01-07 03:42:54 DEBUG : Reallocating memory for wP, wPV and wV
2025-01-07 03:42:54 DEBUG : Reallocating memory for wP, wPV and wV
2025-01-07 03:42:54 DEBUG : Reallocating memory for wP, wPV and wV
2025-01-07 03:42:54 DEBUG : Reallocating memory for wP, wPV and wV
2025-01-07 03:42:54 DEBUG : Reallocating memory for wP, wPV and wV
2025-01-07 03:42:54 DEBUG : Reallocating memory for wP, wPV and wV
2025-01-07 03:42:54 DEBUG : Reallocating memory for wP, wPV and wV
2025-01-07 03:42:54 DEBUG : Reallocating memory for wP, wPV and wV
2025-01-07 03:42:54 DEBUG : Reallocating memory for wP, wPV and wV
2025-01-07 03:42:54 DEBUG : Reallocating memory for wP, wPV and wV
2025-01-07 03:42:54 DEBUG : Reallocating memory for wP, wPV and wV
2025-01-07 03:42:54 DEBUG : Reallocating memory for wP, wPV and wV
2025-01-07 03:42:54 DEBUG : Reallocating memory for wP, wPV and wV
2025-01-07 03:42:54 DEBUG : Reallocating memory for wP, wPV and wV
2025-01-07 03:42:54 DEBUG : Reallocating memory for wP, wPV and wV
2025-01-07 03:42:54 DEBUG : Reallocating memory for wP, wPV and wV
2025-01-07 03:42:54 DEBUG : Reallocating memory for wP, wPV and wV
2025-01-07 03:42:54 DEBUG : Reallocating memory for wP, wPV and wV
2025-01-07 03:42:54 DEBUG : Reallocating memory for wP, wPV and wV
2025-01-07 03:42:54 DEBUG : Reallocating memory for wP, wPV and wV
2025-01-07 03:42:54 DEBUG : Reallocating memory for wP, wPV and wV
2025-01-07 03:42:54 DEBUG : Reallocating memory for wP, wPV and wV
2025-01-07 03:42:54 DEBUG : Reallocating memory for wP, wPV and wV
2025-01-07 03:42:54 DEBUG : Reallocating memory for wP, wPV and wV
2025-01-07 03:42:54 DEBUG : Reallocating memory for wP, wPV and wV
2025-01-07 03:42:54 DEBUG : Reallocating memory for wP, wPV and wV
2025-01-07 03:42:54 DEBUG : Reallocating memory for wP, wPV and wV
2025-01-07 03:42:54 DEBUG : Reallocating memory for wP, wPV and wV
2025-01-07 03:42:54 DEBUG : Reallocating memory for wP, wPV and wV
2025-01-07 03:42:54 DEBUG : Reallocating memory for wP, wPV and wV
2025-01-07 03:42:54 DEBUG : Reallocating memory for wP, wPV and wV
2025-01-07 03:42:54 DEBUG : Reallocating memory for wP, wPV and wV
2025-01-07 03:42:54 DEBUG : Reallocating memory for wP, wPV and wV
2025-01-07 03:42:54 DEBUG : Reallocating memory for wP, wPV and wV
2025-01-07 03:42:54 DEBUG : Reallocating memory for wP, wPV and wV
2025-01-07 03:42:54 DEBUG : Reallocating memory for wP, wPV and wV
2025-01-07 03:42:54 DEBUG : Reallocating memory for wP, wPV and wV
2025-01-07 03:42:54 DEBUG : Reallocating memory for wP, wPV and wV
2025-01-07 03:42:54 DEBUG : Reallocating memory for wP, wPV and wV
2025-01-07 03:42:54 DEBUG : Reallocating memory for wP, wPV and wV
2025-01-07 03:42:54 DEBUG : Reallocating memory for wP, wPV and wV
2025-01-07 03:42:54 DEBUG : Reallocating memory for wP, wPV and wV
2025-01-07 03:42:54 DEBUG : Reallocating memory for wP, wPV and wV
2025-01-07 03:42:54 DEBUG : Reallocating memory for wP, wPV and wV
2025-01-07 03:42:54 DEBUG : Reallocating memory for wP, wPV and wV
2025-01-07 03:42:54 DEBUG : Reallocating memory for wP, wPV and wV
2025-01-07 03:42:54 DEBUG : Reallocating memory for wP, wPV and wV
2025-01-07 03:42:54 DEBUG : Reallocating memory for wP, wPV and wV
2025-01-07 03:42:54 DEBUG : Reallocating memory for wP, wPV and wV
2025-01-07 03:42:54 DEBUG : Reallocating memory for wP, wPV and wV
2025-01-07 03:42:54 DEBUG : Reallocating memory for wP, wPV and wV
2025-01-07 03:42:54 DEBUG : Reallocating memory for wP, wPV and wV
2025-01-07 03:42:54 DEBUG : Reallocating memory for wP, wPV and wV
2025-01-07 03:42:54 DEBUG : Reallocating memory for wP, wPV and wV
2025-01-07 03:42:54 INFO  : Reading input file...
2025-01-07 03:42:54 INFO  : Write fasta file for specific regions...
2025-01-07 03:43:17 INFO  : Program Ended
