2025-04-29 14:54:34 DEBUG : Open log file...
2025-04-29 14:54:34 INFO  : Using tfasta weights file ./100Kchr10_fa2tfa_02.tfa.NonSyn.WEIGHTS.gz
2025-04-29 14:54:34 INFO  : Validating tfasta weights file ./100Kchr10_fa2tfa_02.tfa.NonSyn.WEIGHTS.gz
2025-04-29 14:54:34 INFO  : tfasta weights file ./100Kchr10_fa2tfa_02.tfa.NonSyn.WEIGHTS.gz is valid
2025-04-29 14:54:34 DEBUG : Reallocating memory for wP, wPV and wV
2025-04-29 14:54:34 DEBUG : Reallocating memory for wP, wPV and wV
2025-04-29 14:54:34 DEBUG : Reallocating memory for wP, wPV and wV
2025-04-29 14:54:34 DEBUG : Reallocating memory for wP, wPV and wV
2025-04-29 14:54:34 DEBUG : Reallocating memory for wP, wPV and wV
2025-04-29 14:54:34 DEBUG : Reallocating memory for wP, wPV and wV
2025-04-29 14:54:34 DEBUG : Reallocating memory for wP, wPV and wV
2025-04-29 14:54:34 DEBUG : Reallocating memory for wP, wPV and wV
2025-04-29 14:54:34 DEBUG : Reallocating memory for wP, wPV and wV
2025-04-29 14:54:34 DEBUG : Reallocating memory for wP, wPV and wV
2025-04-29 14:54:34 DEBUG : Reallocating memory for wP, wPV and wV
2025-04-29 14:54:34 DEBUG : Reallocating memory for wP, wPV and wV
2025-04-29 14:54:34 DEBUG : Reallocating memory for wP, wPV and wV
2025-04-29 14:54:34 DEBUG : Reallocating memory for wP, wPV and wV
2025-04-29 14:54:34 DEBUG : Reallocating memory for wP, wPV and wV
2025-04-29 14:54:34 DEBUG : Reallocating memory for wP, wPV and wV
2025-04-29 14:54:34 DEBUG : Reallocating memory for wP, wPV and wV
2025-04-29 14:54:34 DEBUG : Reallocating memory for wP, wPV and wV
2025-04-29 14:54:34 DEBUG : Reallocating memory for wP, wPV and wV
2025-04-29 14:54:34 DEBUG : Reallocating memory for wP, wPV and wV
2025-04-29 14:54:34 DEBUG : Reallocating memory for wP, wPV and wV
2025-04-29 14:54:34 DEBUG : Reallocating memory for wP, wPV and wV
2025-04-29 14:54:34 DEBUG : Reallocating memory for wP, wPV and wV
2025-04-29 14:54:34 DEBUG : Reallocating memory for wP, wPV and wV
2025-04-29 14:54:34 DEBUG : Reallocating memory for wP, wPV and wV
2025-04-29 14:54:34 DEBUG : Reallocating memory for wP, wPV and wV
2025-04-29 14:54:34 DEBUG : Reallocating memory for wP, wPV and wV
2025-04-29 14:54:34 DEBUG : Reallocating memory for wP, wPV and wV
2025-04-29 14:54:34 DEBUG : Reallocating memory for wP, wPV and wV
2025-04-29 14:54:34 DEBUG : Reallocating memory for wP, wPV and wV
2025-04-29 14:54:34 DEBUG : Reallocating memory for wP, wPV and wV
2025-04-29 14:54:34 DEBUG : Reallocating memory for wP, wPV and wV
2025-04-29 14:54:34 DEBUG : Reallocating memory for wP, wPV and wV
2025-04-29 14:54:34 DEBUG : Reallocating memory for wP, wPV and wV
2025-04-29 14:54:34 DEBUG : Reallocating memory for wP, wPV and wV
2025-04-29 14:54:34 DEBUG : Reallocating memory for wP, wPV and wV
2025-04-29 14:54:34 DEBUG : Reallocating memory for wP, wPV and wV
2025-04-29 14:54:34 DEBUG : Reallocating memory for wP, wPV and wV
2025-04-29 14:54:34 DEBUG : Reallocating memory for wP, wPV and wV
2025-04-29 14:54:34 DEBUG : Reallocating memory for wP, wPV and wV
2025-04-29 14:54:34 DEBUG : Reallocating memory for wP, wPV and wV
2025-04-29 14:54:35 DEBUG : Reallocating memory for wP, wPV and wV
2025-04-29 14:54:35 DEBUG : Reallocating memory for wP, wPV and wV
2025-04-29 14:54:35 DEBUG : Reallocating memory for wP, wPV and wV
2025-04-29 14:54:35 DEBUG : Reallocating memory for wP, wPV and wV
2025-04-29 14:54:35 DEBUG : Reallocating memory for wP, wPV and wV
2025-04-29 14:54:35 DEBUG : Reallocating memory for wP, wPV and wV
2025-04-29 14:54:35 DEBUG : Reallocating memory for wP, wPV and wV
2025-04-29 14:54:35 DEBUG : Reallocating memory for wP, wPV and wV
2025-04-29 14:54:35 DEBUG : Reallocating memory for wP, wPV and wV
2025-04-29 14:54:35 DEBUG : Reallocating memory for wP, wPV and wV
2025-04-29 14:54:35 DEBUG : Reallocating memory for wP, wPV and wV
2025-04-29 14:54:35 DEBUG : Reallocating memory for wP, wPV and wV
2025-04-29 14:54:35 DEBUG : Reallocating memory for wP, wPV and wV
2025-04-29 14:54:35 DEBUG : Reallocating memory for wP, wPV and wV
2025-04-29 14:54:35 DEBUG : Reallocating memory for wP, wPV and wV
2025-04-29 14:54:35 DEBUG : Reallocating memory for wP, wPV and wV
2025-04-29 14:54:35 DEBUG : Reallocating memory for wP, wPV and wV
2025-04-29 14:54:35 DEBUG : Reallocating memory for wP, wPV and wV
2025-04-29 14:54:35 DEBUG : Reallocating memory for wP, wPV and wV
2025-04-29 14:54:35 DEBUG : Reallocating memory for wP, wPV and wV
2025-04-29 14:54:35 DEBUG : Reallocating memory for wP, wPV and wV
2025-04-29 14:54:35 DEBUG : Reallocating memory for wP, wPV and wV
2025-04-29 14:54:35 DEBUG : Reallocating memory for wP, wPV and wV
2025-04-29 14:54:35 DEBUG : Reallocating memory for wP, wPV and wV
2025-04-29 14:54:35 DEBUG : Reallocating memory for wP, wPV and wV
2025-04-29 14:54:35 DEBUG : Reallocating memory for wP, wPV and wV
2025-04-29 14:54:35 DEBUG : Reallocating memory for wP, wPV and wV
2025-04-29 14:54:35 DEBUG : Reallocating memory for wP, wPV and wV
2025-04-29 14:54:35 DEBUG : Reallocating memory for wP, wPV and wV
2025-04-29 14:54:35 DEBUG : Reallocating memory for wP, wPV and wV
2025-04-29 14:54:35 DEBUG : Reallocating memory for wP, wPV and wV
2025-04-29 14:54:35 DEBUG : Reallocating memory for wP, wPV and wV
2025-04-29 14:54:35 DEBUG : Reallocating memory for wP, wPV and wV
2025-04-29 14:54:35 DEBUG : Reallocating memory for wP, wPV and wV
2025-04-29 14:54:35 DEBUG : Reallocating memory for wP, wPV and wV
2025-04-29 14:54:35 DEBUG : Reallocating memory for wP, wPV and wV
2025-04-29 14:54:35 DEBUG : Reallocating memory for wP, wPV and wV
2025-04-29 14:54:35 DEBUG : Reallocating memory for wP, wPV and wV
2025-04-29 14:54:35 DEBUG : Reallocating memory for wP, wPV and wV
2025-04-29 14:54:35 DEBUG : Reallocating memory for wP, wPV and wV
2025-04-29 14:54:35 DEBUG : Reallocating memory for wP, wPV and wV
2025-04-29 14:54:35 DEBUG : Reallocating memory for wP, wPV and wV
2025-04-29 14:54:35 DEBUG : Reallocating memory for wP, wPV and wV
2025-04-29 14:54:35 DEBUG : Reallocating memory for wP, wPV and wV
2025-04-29 14:54:35 DEBUG : Reallocating memory for wP, wPV and wV
2025-04-29 14:54:35 DEBUG : Reallocating memory for wP, wPV and wV
2025-04-29 14:54:35 DEBUG : Reallocating memory for wP, wPV and wV
2025-04-29 14:54:35 DEBUG : Reallocating memory for wP, wPV and wV
2025-04-29 14:54:35 DEBUG : Reallocating memory for wP, wPV and wV
2025-04-29 14:54:35 DEBUG : Reallocating memory for wP, wPV and wV
2025-04-29 14:54:35 DEBUG : Reallocating memory for wP, wPV and wV
2025-04-29 14:54:35 DEBUG : Reallocating memory for wP, wPV and wV
2025-04-29 14:54:35 DEBUG : Reallocating memory for wP, wPV and wV
2025-04-29 14:54:35 DEBUG : Reallocating memory for wP, wPV and wV
2025-04-29 14:54:35 DEBUG : Reallocating memory for wP, wPV and wV
2025-04-29 14:54:35 DEBUG : Reallocating memory for wP, wPV and wV
2025-04-29 14:54:35 DEBUG : Reallocating memory for wP, wPV and wV
2025-04-29 14:54:35 DEBUG : Reallocating memory for wP, wPV and wV
2025-04-29 14:54:35 INFO  : Reading input file...
2025-04-29 14:54:35 INFO  : Writing tfasta file...
2025-04-29 14:54:35 INFO  : Creating index file for the output file ./100Kchr10_fa2tfa_03.tfa.gz
2025-04-29 14:54:35 INFO  : Program Ended
