2025-04-29 14:54:36 DEBUG : Open log file...
2025-04-29 14:54:36 INFO  : Using tfasta weights file ./100Kchr10_fa2tfa_05.tfa.NonSyn.WEIGHTS.gz
2025-04-29 14:54:36 INFO  : Validating tfasta weights file ./100Kchr10_fa2tfa_05.tfa.NonSyn.WEIGHTS.gz
2025-04-29 14:54:36 INFO  : tfasta weights file ./100Kchr10_fa2tfa_05.tfa.NonSyn.WEIGHTS.gz is valid
2025-04-29 14:54:36 DEBUG : Reallocating memory for wP, wPV and wV
2025-04-29 14:54:36 DEBUG : Reallocating memory for wP, wPV and wV
2025-04-29 14:54:36 DEBUG : Reallocating memory for wP, wPV and wV
2025-04-29 14:54:36 DEBUG : Reallocating memory for wP, wPV and wV
2025-04-29 14:54:36 DEBUG : Reallocating memory for wP, wPV and wV
2025-04-29 14:54:36 DEBUG : Reallocating memory for wP, wPV and wV
2025-04-29 14:54:36 DEBUG : Reallocating memory for wP, wPV and wV
2025-04-29 14:54:36 DEBUG : Reallocating memory for wP, wPV and wV
2025-04-29 14:54:36 DEBUG : Reallocating memory for wP, wPV and wV
2025-04-29 14:54:36 DEBUG : Reallocating memory for wP, wPV and wV
2025-04-29 14:54:36 DEBUG : Reallocating memory for wP, wPV and wV
2025-04-29 14:54:36 DEBUG : Reallocating memory for wP, wPV and wV
2025-04-29 14:54:36 DEBUG : Reallocating memory for wP, wPV and wV
2025-04-29 14:54:36 DEBUG : Reallocating memory for wP, wPV and wV
2025-04-29 14:54:36 DEBUG : Reallocating memory for wP, wPV and wV
2025-04-29 14:54:36 DEBUG : Reallocating memory for wP, wPV and wV
2025-04-29 14:54:36 DEBUG : Reallocating memory for wP, wPV and wV
2025-04-29 14:54:36 DEBUG : Reallocating memory for wP, wPV and wV
2025-04-29 14:54:36 DEBUG : Reallocating memory for wP, wPV and wV
2025-04-29 14:54:36 DEBUG : Reallocating memory for wP, wPV and wV
2025-04-29 14:54:36 DEBUG : Reallocating memory for wP, wPV and wV
2025-04-29 14:54:36 DEBUG : Reallocating memory for wP, wPV and wV
2025-04-29 14:54:36 DEBUG : Reallocating memory for wP, wPV and wV
2025-04-29 14:54:36 DEBUG : Reallocating memory for wP, wPV and wV
2025-04-29 14:54:36 DEBUG : Reallocating memory for wP, wPV and wV
2025-04-29 14:54:36 DEBUG : Reallocating memory for wP, wPV and wV
2025-04-29 14:54:36 DEBUG : Reallocating memory for wP, wPV and wV
2025-04-29 14:54:36 DEBUG : Reallocating memory for wP, wPV and wV
2025-04-29 14:54:36 DEBUG : Reallocating memory for wP, wPV and wV
2025-04-29 14:54:36 DEBUG : Reallocating memory for wP, wPV and wV
2025-04-29 14:54:36 DEBUG : Reallocating memory for wP, wPV and wV
2025-04-29 14:54:36 DEBUG : Reallocating memory for wP, wPV and wV
2025-04-29 14:54:36 DEBUG : Reallocating memory for wP, wPV and wV
2025-04-29 14:54:36 DEBUG : Reallocating memory for wP, wPV and wV
2025-04-29 14:54:36 DEBUG : Reallocating memory for wP, wPV and wV
2025-04-29 14:54:36 DEBUG : Reallocating memory for wP, wPV and wV
2025-04-29 14:54:36 DEBUG : Reallocating memory for wP, wPV and wV
2025-04-29 14:54:36 DEBUG : Reallocating memory for wP, wPV and wV
2025-04-29 14:54:36 DEBUG : Reallocating memory for wP, wPV and wV
2025-04-29 14:54:36 DEBUG : Reallocating memory for wP, wPV and wV
2025-04-29 14:54:36 DEBUG : Reallocating memory for wP, wPV and wV
2025-04-29 14:54:36 DEBUG : Reallocating memory for wP, wPV and wV
2025-04-29 14:54:36 DEBUG : Reallocating memory for wP, wPV and wV
2025-04-29 14:54:36 DEBUG : Reallocating memory for wP, wPV and wV
2025-04-29 14:54:36 DEBUG : Reallocating memory for wP, wPV and wV
2025-04-29 14:54:36 DEBUG : Reallocating memory for wP, wPV and wV
2025-04-29 14:54:36 DEBUG : Reallocating memory for wP, wPV and wV
2025-04-29 14:54:36 DEBUG : Reallocating memory for wP, wPV and wV
2025-04-29 14:54:36 DEBUG : Reallocating memory for wP, wPV and wV
2025-04-29 14:54:36 DEBUG : Reallocating memory for wP, wPV and wV
2025-04-29 14:54:36 DEBUG : Reallocating memory for wP, wPV and wV
2025-04-29 14:54:36 DEBUG : Reallocating memory for wP, wPV and wV
2025-04-29 14:54:36 DEBUG : Reallocating memory for wP, wPV and wV
2025-04-29 14:54:36 DEBUG : Reallocating memory for wP, wPV and wV
2025-04-29 14:54:36 DEBUG : Reallocating memory for wP, wPV and wV
2025-04-29 14:54:36 DEBUG : Reallocating memory for wP, wPV and wV
2025-04-29 14:54:36 DEBUG : Reallocating memory for wP, wPV and wV
2025-04-29 14:54:36 DEBUG : Reallocating memory for wP, wPV and wV
2025-04-29 14:54:36 DEBUG : Reallocating memory for wP, wPV and wV
2025-04-29 14:54:36 DEBUG : Reallocating memory for wP, wPV and wV
2025-04-29 14:54:36 DEBUG : Reallocating memory for wP, wPV and wV
2025-04-29 14:54:36 DEBUG : Reallocating memory for wP, wPV and wV
2025-04-29 14:54:36 DEBUG : Reallocating memory for wP, wPV and wV
2025-04-29 14:54:36 DEBUG : Reallocating memory for wP, wPV and wV
2025-04-29 14:54:36 DEBUG : Reallocating memory for wP, wPV and wV
2025-04-29 14:54:36 DEBUG : Reallocating memory for wP, wPV and wV
2025-04-29 14:54:36 DEBUG : Reallocating memory for wP, wPV and wV
2025-04-29 14:54:36 DEBUG : Reallocating memory for wP, wPV and wV
2025-04-29 14:54:36 DEBUG : Reallocating memory for wP, wPV and wV
2025-04-29 14:54:36 DEBUG : Reallocating memory for wP, wPV and wV
2025-04-29 14:54:36 DEBUG : Reallocating memory for wP, wPV and wV
2025-04-29 14:54:36 DEBUG : Reallocating memory for wP, wPV and wV
2025-04-29 14:54:36 DEBUG : Reallocating memory for wP, wPV and wV
2025-04-29 14:54:36 DEBUG : Reallocating memory for wP, wPV and wV
2025-04-29 14:54:36 DEBUG : Reallocating memory for wP, wPV and wV
2025-04-29 14:54:36 DEBUG : Reallocating memory for wP, wPV and wV
2025-04-29 14:54:36 DEBUG : Reallocating memory for wP, wPV and wV
2025-04-29 14:54:36 DEBUG : Reallocating memory for wP, wPV and wV
2025-04-29 14:54:36 DEBUG : Reallocating memory for wP, wPV and wV
2025-04-29 14:54:36 DEBUG : Reallocating memory for wP, wPV and wV
2025-04-29 14:54:36 DEBUG : Reallocating memory for wP, wPV and wV
2025-04-29 14:54:36 DEBUG : Reallocating memory for wP, wPV and wV
2025-04-29 14:54:36 DEBUG : Reallocating memory for wP, wPV and wV
2025-04-29 14:54:36 DEBUG : Reallocating memory for wP, wPV and wV
2025-04-29 14:54:36 DEBUG : Reallocating memory for wP, wPV and wV
2025-04-29 14:54:36 DEBUG : Reallocating memory for wP, wPV and wV
2025-04-29 14:54:36 DEBUG : Reallocating memory for wP, wPV and wV
2025-04-29 14:54:36 DEBUG : Reallocating memory for wP, wPV and wV
2025-04-29 14:54:36 DEBUG : Reallocating memory for wP, wPV and wV
2025-04-29 14:54:36 DEBUG : Reallocating memory for wP, wPV and wV
2025-04-29 14:54:36 DEBUG : Reallocating memory for wP, wPV and wV
2025-04-29 14:54:36 DEBUG : Reallocating memory for wP, wPV and wV
2025-04-29 14:54:36 DEBUG : Reallocating memory for wP, wPV and wV
2025-04-29 14:54:36 DEBUG : Reallocating memory for wP, wPV and wV
2025-04-29 14:54:36 DEBUG : Reallocating memory for wP, wPV and wV
2025-04-29 14:54:36 DEBUG : Reallocating memory for wP, wPV and wV
2025-04-29 14:54:36 DEBUG : Reallocating memory for wP, wPV and wV
2025-04-29 14:54:36 DEBUG : Reallocating memory for wP, wPV and wV
2025-04-29 14:54:36 DEBUG : Reallocating memory for wP, wPV and wV
2025-04-29 14:54:36 INFO  : Reading input file...
2025-04-29 14:54:36 INFO  : Writing tfasta file...
2025-04-29 14:54:36 INFO  : Creating index file for the output file ./100Kchr10_fa2tfa_06.tfa.gz
2025-04-29 14:54:36 INFO  : Program Ended
