2025-04-29 18:02:06 DEBUG : Open log file...
2025-04-29 18:02:06 INFO  : Using tfasta weights file ./100Kchr10_fa2ms_10.ms.NonSyn.WEIGHTS.gz
2025-04-29 18:02:06 INFO  : Validating tfasta weights file ./100Kchr10_fa2ms_10.ms.NonSyn.WEIGHTS.gz
2025-04-29 18:02:06 INFO  : tfasta weights file ./100Kchr10_fa2ms_10.ms.NonSyn.WEIGHTS.gz is valid
2025-04-29 18:02:06 DEBUG : Reallocating memory for wP, wPV and wV
2025-04-29 18:02:06 DEBUG : Reallocating memory for wP, wPV and wV
2025-04-29 18:02:06 DEBUG : Reallocating memory for wP, wPV and wV
2025-04-29 18:02:06 DEBUG : Reallocating memory for wP, wPV and wV
2025-04-29 18:02:06 DEBUG : Reallocating memory for wP, wPV and wV
2025-04-29 18:02:06 DEBUG : Reallocating memory for wP, wPV and wV
2025-04-29 18:02:06 DEBUG : Reallocating memory for wP, wPV and wV
2025-04-29 18:02:06 DEBUG : Reallocating memory for wP, wPV and wV
2025-04-29 18:02:06 DEBUG : Reallocating memory for wP, wPV and wV
2025-04-29 18:02:06 DEBUG : Reallocating memory for wP, wPV and wV
2025-04-29 18:02:06 DEBUG : Reallocating memory for wP, wPV and wV
2025-04-29 18:02:06 DEBUG : Reallocating memory for wP, wPV and wV
2025-04-29 18:02:06 DEBUG : Reallocating memory for wP, wPV and wV
2025-04-29 18:02:06 DEBUG : Reallocating memory for wP, wPV and wV
2025-04-29 18:02:06 DEBUG : Reallocating memory for wP, wPV and wV
2025-04-29 18:02:06 DEBUG : Reallocating memory for wP, wPV and wV
2025-04-29 18:02:06 DEBUG : Reallocating memory for wP, wPV and wV
2025-04-29 18:02:06 DEBUG : Reallocating memory for wP, wPV and wV
2025-04-29 18:02:06 DEBUG : Reallocating memory for wP, wPV and wV
2025-04-29 18:02:06 DEBUG : Reallocating memory for wP, wPV and wV
2025-04-29 18:02:06 DEBUG : Reallocating memory for wP, wPV and wV
2025-04-29 18:02:06 DEBUG : Reallocating memory for wP, wPV and wV
2025-04-29 18:02:06 DEBUG : Reallocating memory for wP, wPV and wV
2025-04-29 18:02:06 DEBUG : Reallocating memory for wP, wPV and wV
2025-04-29 18:02:06 DEBUG : Reallocating memory for wP, wPV and wV
2025-04-29 18:02:06 DEBUG : Reallocating memory for wP, wPV and wV
2025-04-29 18:02:06 DEBUG : Reallocating memory for wP, wPV and wV
2025-04-29 18:02:06 DEBUG : Reallocating memory for wP, wPV and wV
2025-04-29 18:02:06 DEBUG : Reallocating memory for wP, wPV and wV
2025-04-29 18:02:06 DEBUG : Reallocating memory for wP, wPV and wV
2025-04-29 18:02:06 DEBUG : Reallocating memory for wP, wPV and wV
2025-04-29 18:02:06 DEBUG : Reallocating memory for wP, wPV and wV
2025-04-29 18:02:06 DEBUG : Reallocating memory for wP, wPV and wV
2025-04-29 18:02:06 DEBUG : Reallocating memory for wP, wPV and wV
2025-04-29 18:02:06 DEBUG : Reallocating memory for wP, wPV and wV
2025-04-29 18:02:06 DEBUG : Reallocating memory for wP, wPV and wV
2025-04-29 18:02:06 DEBUG : Reallocating memory for wP, wPV and wV
2025-04-29 18:02:06 DEBUG : Reallocating memory for wP, wPV and wV
2025-04-29 18:02:06 DEBUG : Reallocating memory for wP, wPV and wV
2025-04-29 18:02:06 DEBUG : Reallocating memory for wP, wPV and wV
2025-04-29 18:02:06 DEBUG : Reallocating memory for wP, wPV and wV
2025-04-29 18:02:06 DEBUG : Reallocating memory for wP, wPV and wV
2025-04-29 18:02:06 DEBUG : Reallocating memory for wP, wPV and wV
2025-04-29 18:02:06 DEBUG : Reallocating memory for wP, wPV and wV
2025-04-29 18:02:06 DEBUG : Reallocating memory for wP, wPV and wV
2025-04-29 18:02:06 DEBUG : Reallocating memory for wP, wPV and wV
2025-04-29 18:02:06 DEBUG : Reallocating memory for wP, wPV and wV
2025-04-29 18:02:06 DEBUG : Reallocating memory for wP, wPV and wV
2025-04-29 18:02:06 DEBUG : Reallocating memory for wP, wPV and wV
2025-04-29 18:02:06 DEBUG : Reallocating memory for wP, wPV and wV
2025-04-29 18:02:06 DEBUG : Reallocating memory for wP, wPV and wV
2025-04-29 18:02:06 DEBUG : Reallocating memory for wP, wPV and wV
2025-04-29 18:02:06 DEBUG : Reallocating memory for wP, wPV and wV
2025-04-29 18:02:06 DEBUG : Reallocating memory for wP, wPV and wV
2025-04-29 18:02:06 DEBUG : Reallocating memory for wP, wPV and wV
2025-04-29 18:02:06 DEBUG : Reallocating memory for wP, wPV and wV
2025-04-29 18:02:06 DEBUG : Reallocating memory for wP, wPV and wV
2025-04-29 18:02:06 DEBUG : Reallocating memory for wP, wPV and wV
2025-04-29 18:02:06 DEBUG : Reallocating memory for wP, wPV and wV
2025-04-29 18:02:06 DEBUG : Reallocating memory for wP, wPV and wV
2025-04-29 18:02:06 DEBUG : Reallocating memory for wP, wPV and wV
2025-04-29 18:02:06 DEBUG : Reallocating memory for wP, wPV and wV
2025-04-29 18:02:06 DEBUG : Reallocating memory for wP, wPV and wV
2025-04-29 18:02:06 DEBUG : Reallocating memory for wP, wPV and wV
2025-04-29 18:02:06 DEBUG : Reallocating memory for wP, wPV and wV
2025-04-29 18:02:06 DEBUG : Reallocating memory for wP, wPV and wV
2025-04-29 18:02:06 DEBUG : Reallocating memory for wP, wPV and wV
2025-04-29 18:02:06 DEBUG : Reallocating memory for wP, wPV and wV
2025-04-29 18:02:06 DEBUG : Reallocating memory for wP, wPV and wV
2025-04-29 18:02:06 DEBUG : Reallocating memory for wP, wPV and wV
2025-04-29 18:02:06 DEBUG : Reallocating memory for wP, wPV and wV
2025-04-29 18:02:06 DEBUG : Reallocating memory for wP, wPV and wV
2025-04-29 18:02:06 DEBUG : Reallocating memory for wP, wPV and wV
2025-04-29 18:02:06 DEBUG : Reallocating memory for wP, wPV and wV
2025-04-29 18:02:06 DEBUG : Reallocating memory for wP, wPV and wV
2025-04-29 18:02:06 DEBUG : Reallocating memory for wP, wPV and wV
2025-04-29 18:02:06 DEBUG : Reallocating memory for wP, wPV and wV
2025-04-29 18:02:06 DEBUG : Reallocating memory for wP, wPV and wV
2025-04-29 18:02:06 DEBUG : Reallocating memory for wP, wPV and wV
2025-04-29 18:02:06 DEBUG : Reallocating memory for wP, wPV and wV
2025-04-29 18:02:06 DEBUG : Reallocating memory for wP, wPV and wV
2025-04-29 18:02:06 DEBUG : Reallocating memory for wP, wPV and wV
2025-04-29 18:02:06 DEBUG : Reallocating memory for wP, wPV and wV
2025-04-29 18:02:06 DEBUG : Reallocating memory for wP, wPV and wV
2025-04-29 18:02:06 DEBUG : Reallocating memory for wP, wPV and wV
2025-04-29 18:02:06 DEBUG : Reallocating memory for wP, wPV and wV
2025-04-29 18:02:06 DEBUG : Reallocating memory for wP, wPV and wV
2025-04-29 18:02:06 DEBUG : Reallocating memory for wP, wPV and wV
2025-04-29 18:02:06 DEBUG : Reallocating memory for wP, wPV and wV
2025-04-29 18:02:06 DEBUG : Reallocating memory for wP, wPV and wV
2025-04-29 18:02:06 DEBUG : Reallocating memory for wP, wPV and wV
2025-04-29 18:02:06 DEBUG : Reallocating memory for wP, wPV and wV
2025-04-29 18:02:06 DEBUG : Reallocating memory for wP, wPV and wV
2025-04-29 18:02:06 DEBUG : Reallocating memory for wP, wPV and wV
2025-04-29 18:02:06 DEBUG : Reallocating memory for wP, wPV and wV
2025-04-29 18:02:06 DEBUG : Reallocating memory for wP, wPV and wV
2025-04-29 18:02:06 DEBUG : Reallocating memory for wP, wPV and wV
2025-04-29 18:02:06 DEBUG : Reallocating memory for wP, wPV and wV
2025-04-29 18:02:06 DEBUG : Reallocating memory for wP, wPV and wV
2025-04-29 18:02:06 INFO  : Reading input file...
2025-04-29 18:02:06 INFO  : Writing mask file ./100Kchr10_fa2ms_11.ms.mask.txt.gz
2025-04-29 18:02:26 INFO  : Writing ms file ./100Kchr10_fa2ms_11.ms.txt  
2025-04-29 18:02:26 INFO  : Program Ended
