2025-04-29 14:55:36 DEBUG : Open log file...
2025-04-29 14:55:36 INFO  : Using tfasta weights file ./100Kchr10_fa2fa_02B.fa.NonSyn.WEIGHTS.gz
2025-04-29 14:55:36 INFO  : Validating tfasta weights file ./100Kchr10_fa2fa_02B.fa.NonSyn.WEIGHTS.gz
2025-04-29 14:55:36 INFO  : tfasta weights file ./100Kchr10_fa2fa_02B.fa.NonSyn.WEIGHTS.gz is valid
2025-04-29 14:55:36 DEBUG : Reallocating memory for wP, wPV and wV
2025-04-29 14:55:36 DEBUG : Reallocating memory for wP, wPV and wV
2025-04-29 14:55:36 DEBUG : Reallocating memory for wP, wPV and wV
2025-04-29 14:55:36 DEBUG : Reallocating memory for wP, wPV and wV
2025-04-29 14:55:36 DEBUG : Reallocating memory for wP, wPV and wV
2025-04-29 14:55:36 DEBUG : Reallocating memory for wP, wPV and wV
2025-04-29 14:55:36 DEBUG : Reallocating memory for wP, wPV and wV
2025-04-29 14:55:36 DEBUG : Reallocating memory for wP, wPV and wV
2025-04-29 14:55:36 DEBUG : Reallocating memory for wP, wPV and wV
2025-04-29 14:55:36 DEBUG : Reallocating memory for wP, wPV and wV
2025-04-29 14:55:36 DEBUG : Reallocating memory for wP, wPV and wV
2025-04-29 14:55:36 DEBUG : Reallocating memory for wP, wPV and wV
2025-04-29 14:55:36 DEBUG : Reallocating memory for wP, wPV and wV
2025-04-29 14:55:36 DEBUG : Reallocating memory for wP, wPV and wV
2025-04-29 14:55:36 DEBUG : Reallocating memory for wP, wPV and wV
2025-04-29 14:55:36 DEBUG : Reallocating memory for wP, wPV and wV
2025-04-29 14:55:36 DEBUG : Reallocating memory for wP, wPV and wV
2025-04-29 14:55:36 DEBUG : Reallocating memory for wP, wPV and wV
2025-04-29 14:55:36 DEBUG : Reallocating memory for wP, wPV and wV
2025-04-29 14:55:36 DEBUG : Reallocating memory for wP, wPV and wV
2025-04-29 14:55:36 DEBUG : Reallocating memory for wP, wPV and wV
2025-04-29 14:55:36 DEBUG : Reallocating memory for wP, wPV and wV
2025-04-29 14:55:36 DEBUG : Reallocating memory for wP, wPV and wV
2025-04-29 14:55:36 DEBUG : Reallocating memory for wP, wPV and wV
2025-04-29 14:55:36 DEBUG : Reallocating memory for wP, wPV and wV
2025-04-29 14:55:36 DEBUG : Reallocating memory for wP, wPV and wV
2025-04-29 14:55:36 DEBUG : Reallocating memory for wP, wPV and wV
2025-04-29 14:55:36 DEBUG : Reallocating memory for wP, wPV and wV
2025-04-29 14:55:36 DEBUG : Reallocating memory for wP, wPV and wV
2025-04-29 14:55:36 DEBUG : Reallocating memory for wP, wPV and wV
2025-04-29 14:55:36 DEBUG : Reallocating memory for wP, wPV and wV
2025-04-29 14:55:36 DEBUG : Reallocating memory for wP, wPV and wV
2025-04-29 14:55:36 DEBUG : Reallocating memory for wP, wPV and wV
2025-04-29 14:55:36 DEBUG : Reallocating memory for wP, wPV and wV
2025-04-29 14:55:36 DEBUG : Reallocating memory for wP, wPV and wV
2025-04-29 14:55:36 DEBUG : Reallocating memory for wP, wPV and wV
2025-04-29 14:55:36 DEBUG : Reallocating memory for wP, wPV and wV
2025-04-29 14:55:36 DEBUG : Reallocating memory for wP, wPV and wV
2025-04-29 14:55:36 DEBUG : Reallocating memory for wP, wPV and wV
2025-04-29 14:55:36 DEBUG : Reallocating memory for wP, wPV and wV
2025-04-29 14:55:36 DEBUG : Reallocating memory for wP, wPV and wV
2025-04-29 14:55:36 DEBUG : Reallocating memory for wP, wPV and wV
2025-04-29 14:55:36 DEBUG : Reallocating memory for wP, wPV and wV
2025-04-29 14:55:36 DEBUG : Reallocating memory for wP, wPV and wV
2025-04-29 14:55:36 DEBUG : Reallocating memory for wP, wPV and wV
2025-04-29 14:55:36 DEBUG : Reallocating memory for wP, wPV and wV
2025-04-29 14:55:36 DEBUG : Reallocating memory for wP, wPV and wV
2025-04-29 14:55:36 DEBUG : Reallocating memory for wP, wPV and wV
2025-04-29 14:55:36 DEBUG : Reallocating memory for wP, wPV and wV
2025-04-29 14:55:36 DEBUG : Reallocating memory for wP, wPV and wV
2025-04-29 14:55:36 DEBUG : Reallocating memory for wP, wPV and wV
2025-04-29 14:55:36 DEBUG : Reallocating memory for wP, wPV and wV
2025-04-29 14:55:36 DEBUG : Reallocating memory for wP, wPV and wV
2025-04-29 14:55:36 DEBUG : Reallocating memory for wP, wPV and wV
2025-04-29 14:55:36 DEBUG : Reallocating memory for wP, wPV and wV
2025-04-29 14:55:36 DEBUG : Reallocating memory for wP, wPV and wV
2025-04-29 14:55:36 DEBUG : Reallocating memory for wP, wPV and wV
2025-04-29 14:55:36 DEBUG : Reallocating memory for wP, wPV and wV
2025-04-29 14:55:36 DEBUG : Reallocating memory for wP, wPV and wV
2025-04-29 14:55:36 DEBUG : Reallocating memory for wP, wPV and wV
2025-04-29 14:55:36 DEBUG : Reallocating memory for wP, wPV and wV
2025-04-29 14:55:36 DEBUG : Reallocating memory for wP, wPV and wV
2025-04-29 14:55:36 DEBUG : Reallocating memory for wP, wPV and wV
2025-04-29 14:55:36 DEBUG : Reallocating memory for wP, wPV and wV
2025-04-29 14:55:36 DEBUG : Reallocating memory for wP, wPV and wV
2025-04-29 14:55:36 DEBUG : Reallocating memory for wP, wPV and wV
2025-04-29 14:55:36 DEBUG : Reallocating memory for wP, wPV and wV
2025-04-29 14:55:36 DEBUG : Reallocating memory for wP, wPV and wV
2025-04-29 14:55:36 DEBUG : Reallocating memory for wP, wPV and wV
2025-04-29 14:55:36 DEBUG : Reallocating memory for wP, wPV and wV
2025-04-29 14:55:36 DEBUG : Reallocating memory for wP, wPV and wV
2025-04-29 14:55:36 DEBUG : Reallocating memory for wP, wPV and wV
2025-04-29 14:55:36 DEBUG : Reallocating memory for wP, wPV and wV
2025-04-29 14:55:36 DEBUG : Reallocating memory for wP, wPV and wV
2025-04-29 14:55:36 DEBUG : Reallocating memory for wP, wPV and wV
2025-04-29 14:55:36 DEBUG : Reallocating memory for wP, wPV and wV
2025-04-29 14:55:36 DEBUG : Reallocating memory for wP, wPV and wV
2025-04-29 14:55:36 DEBUG : Reallocating memory for wP, wPV and wV
2025-04-29 14:55:36 DEBUG : Reallocating memory for wP, wPV and wV
2025-04-29 14:55:36 DEBUG : Reallocating memory for wP, wPV and wV
2025-04-29 14:55:36 DEBUG : Reallocating memory for wP, wPV and wV
2025-04-29 14:55:36 DEBUG : Reallocating memory for wP, wPV and wV
2025-04-29 14:55:36 DEBUG : Reallocating memory for wP, wPV and wV
2025-04-29 14:55:36 DEBUG : Reallocating memory for wP, wPV and wV
2025-04-29 14:55:36 DEBUG : Reallocating memory for wP, wPV and wV
2025-04-29 14:55:36 DEBUG : Reallocating memory for wP, wPV and wV
2025-04-29 14:55:36 DEBUG : Reallocating memory for wP, wPV and wV
2025-04-29 14:55:36 DEBUG : Reallocating memory for wP, wPV and wV
2025-04-29 14:55:36 DEBUG : Reallocating memory for wP, wPV and wV
2025-04-29 14:55:36 DEBUG : Reallocating memory for wP, wPV and wV
2025-04-29 14:55:36 DEBUG : Reallocating memory for wP, wPV and wV
2025-04-29 14:55:36 DEBUG : Reallocating memory for wP, wPV and wV
2025-04-29 14:55:36 DEBUG : Reallocating memory for wP, wPV and wV
2025-04-29 14:55:36 DEBUG : Reallocating memory for wP, wPV and wV
2025-04-29 14:55:36 DEBUG : Reallocating memory for wP, wPV and wV
2025-04-29 14:55:36 DEBUG : Reallocating memory for wP, wPV and wV
2025-04-29 14:55:36 DEBUG : Reallocating memory for wP, wPV and wV
2025-04-29 14:55:36 DEBUG : Reallocating memory for wP, wPV and wV
2025-04-29 14:55:36 DEBUG : Reallocating memory for wP, wPV and wV
2025-04-29 14:55:36 INFO  : Reading input file...
2025-04-29 14:55:36 INFO  : Write fasta file for specific regions...
2025-04-29 14:55:47 INFO  : Program Ended
