2025-04-29 18:00:29 DEBUG : Open log file...
2025-04-29 18:00:29 INFO  : Using tfasta weights file ./100Kchr10_fa2ms_04.ms.NonSyn.WEIGHTS.gz
2025-04-29 18:00:29 INFO  : Validating tfasta weights file ./100Kchr10_fa2ms_04.ms.NonSyn.WEIGHTS.gz
2025-04-29 18:00:29 INFO  : tfasta weights file ./100Kchr10_fa2ms_04.ms.NonSyn.WEIGHTS.gz is valid
2025-04-29 18:00:29 DEBUG : Reallocating memory for wP, wPV and wV
2025-04-29 18:00:29 DEBUG : Reallocating memory for wP, wPV and wV
2025-04-29 18:00:29 DEBUG : Reallocating memory for wP, wPV and wV
2025-04-29 18:00:29 DEBUG : Reallocating memory for wP, wPV and wV
2025-04-29 18:00:29 DEBUG : Reallocating memory for wP, wPV and wV
2025-04-29 18:00:29 DEBUG : Reallocating memory for wP, wPV and wV
2025-04-29 18:00:29 DEBUG : Reallocating memory for wP, wPV and wV
2025-04-29 18:00:29 DEBUG : Reallocating memory for wP, wPV and wV
2025-04-29 18:00:29 DEBUG : Reallocating memory for wP, wPV and wV
2025-04-29 18:00:29 DEBUG : Reallocating memory for wP, wPV and wV
2025-04-29 18:00:29 DEBUG : Reallocating memory for wP, wPV and wV
2025-04-29 18:00:29 DEBUG : Reallocating memory for wP, wPV and wV
2025-04-29 18:00:29 DEBUG : Reallocating memory for wP, wPV and wV
2025-04-29 18:00:29 DEBUG : Reallocating memory for wP, wPV and wV
2025-04-29 18:00:29 DEBUG : Reallocating memory for wP, wPV and wV
2025-04-29 18:00:29 DEBUG : Reallocating memory for wP, wPV and wV
2025-04-29 18:00:29 DEBUG : Reallocating memory for wP, wPV and wV
2025-04-29 18:00:29 DEBUG : Reallocating memory for wP, wPV and wV
2025-04-29 18:00:29 DEBUG : Reallocating memory for wP, wPV and wV
2025-04-29 18:00:29 DEBUG : Reallocating memory for wP, wPV and wV
2025-04-29 18:00:29 DEBUG : Reallocating memory for wP, wPV and wV
2025-04-29 18:00:29 DEBUG : Reallocating memory for wP, wPV and wV
2025-04-29 18:00:29 DEBUG : Reallocating memory for wP, wPV and wV
2025-04-29 18:00:29 DEBUG : Reallocating memory for wP, wPV and wV
2025-04-29 18:00:29 DEBUG : Reallocating memory for wP, wPV and wV
2025-04-29 18:00:29 DEBUG : Reallocating memory for wP, wPV and wV
2025-04-29 18:00:29 DEBUG : Reallocating memory for wP, wPV and wV
2025-04-29 18:00:29 DEBUG : Reallocating memory for wP, wPV and wV
2025-04-29 18:00:29 DEBUG : Reallocating memory for wP, wPV and wV
2025-04-29 18:00:29 DEBUG : Reallocating memory for wP, wPV and wV
2025-04-29 18:00:29 DEBUG : Reallocating memory for wP, wPV and wV
2025-04-29 18:00:29 DEBUG : Reallocating memory for wP, wPV and wV
2025-04-29 18:00:29 DEBUG : Reallocating memory for wP, wPV and wV
2025-04-29 18:00:29 DEBUG : Reallocating memory for wP, wPV and wV
2025-04-29 18:00:29 DEBUG : Reallocating memory for wP, wPV and wV
2025-04-29 18:00:29 DEBUG : Reallocating memory for wP, wPV and wV
2025-04-29 18:00:29 DEBUG : Reallocating memory for wP, wPV and wV
2025-04-29 18:00:29 DEBUG : Reallocating memory for wP, wPV and wV
2025-04-29 18:00:29 DEBUG : Reallocating memory for wP, wPV and wV
2025-04-29 18:00:29 DEBUG : Reallocating memory for wP, wPV and wV
2025-04-29 18:00:29 DEBUG : Reallocating memory for wP, wPV and wV
2025-04-29 18:00:29 DEBUG : Reallocating memory for wP, wPV and wV
2025-04-29 18:00:29 DEBUG : Reallocating memory for wP, wPV and wV
2025-04-29 18:00:29 DEBUG : Reallocating memory for wP, wPV and wV
2025-04-29 18:00:29 DEBUG : Reallocating memory for wP, wPV and wV
2025-04-29 18:00:29 DEBUG : Reallocating memory for wP, wPV and wV
2025-04-29 18:00:29 DEBUG : Reallocating memory for wP, wPV and wV
2025-04-29 18:00:29 DEBUG : Reallocating memory for wP, wPV and wV
2025-04-29 18:00:29 DEBUG : Reallocating memory for wP, wPV and wV
2025-04-29 18:00:29 DEBUG : Reallocating memory for wP, wPV and wV
2025-04-29 18:00:29 DEBUG : Reallocating memory for wP, wPV and wV
2025-04-29 18:00:29 DEBUG : Reallocating memory for wP, wPV and wV
2025-04-29 18:00:29 DEBUG : Reallocating memory for wP, wPV and wV
2025-04-29 18:00:29 DEBUG : Reallocating memory for wP, wPV and wV
2025-04-29 18:00:29 DEBUG : Reallocating memory for wP, wPV and wV
2025-04-29 18:00:29 DEBUG : Reallocating memory for wP, wPV and wV
2025-04-29 18:00:29 DEBUG : Reallocating memory for wP, wPV and wV
2025-04-29 18:00:29 DEBUG : Reallocating memory for wP, wPV and wV
2025-04-29 18:00:29 DEBUG : Reallocating memory for wP, wPV and wV
2025-04-29 18:00:29 DEBUG : Reallocating memory for wP, wPV and wV
2025-04-29 18:00:29 DEBUG : Reallocating memory for wP, wPV and wV
2025-04-29 18:00:29 DEBUG : Reallocating memory for wP, wPV and wV
2025-04-29 18:00:29 DEBUG : Reallocating memory for wP, wPV and wV
2025-04-29 18:00:29 DEBUG : Reallocating memory for wP, wPV and wV
2025-04-29 18:00:29 DEBUG : Reallocating memory for wP, wPV and wV
2025-04-29 18:00:29 DEBUG : Reallocating memory for wP, wPV and wV
2025-04-29 18:00:29 DEBUG : Reallocating memory for wP, wPV and wV
2025-04-29 18:00:29 DEBUG : Reallocating memory for wP, wPV and wV
2025-04-29 18:00:29 DEBUG : Reallocating memory for wP, wPV and wV
2025-04-29 18:00:29 DEBUG : Reallocating memory for wP, wPV and wV
2025-04-29 18:00:29 DEBUG : Reallocating memory for wP, wPV and wV
2025-04-29 18:00:29 DEBUG : Reallocating memory for wP, wPV and wV
2025-04-29 18:00:29 DEBUG : Reallocating memory for wP, wPV and wV
2025-04-29 18:00:29 DEBUG : Reallocating memory for wP, wPV and wV
2025-04-29 18:00:29 DEBUG : Reallocating memory for wP, wPV and wV
2025-04-29 18:00:29 DEBUG : Reallocating memory for wP, wPV and wV
2025-04-29 18:00:29 DEBUG : Reallocating memory for wP, wPV and wV
2025-04-29 18:00:29 DEBUG : Reallocating memory for wP, wPV and wV
2025-04-29 18:00:29 DEBUG : Reallocating memory for wP, wPV and wV
2025-04-29 18:00:29 DEBUG : Reallocating memory for wP, wPV and wV
2025-04-29 18:00:29 DEBUG : Reallocating memory for wP, wPV and wV
2025-04-29 18:00:29 DEBUG : Reallocating memory for wP, wPV and wV
2025-04-29 18:00:29 DEBUG : Reallocating memory for wP, wPV and wV
2025-04-29 18:00:29 DEBUG : Reallocating memory for wP, wPV and wV
2025-04-29 18:00:29 DEBUG : Reallocating memory for wP, wPV and wV
2025-04-29 18:00:29 DEBUG : Reallocating memory for wP, wPV and wV
2025-04-29 18:00:29 DEBUG : Reallocating memory for wP, wPV and wV
2025-04-29 18:00:29 DEBUG : Reallocating memory for wP, wPV and wV
2025-04-29 18:00:29 DEBUG : Reallocating memory for wP, wPV and wV
2025-04-29 18:00:29 DEBUG : Reallocating memory for wP, wPV and wV
2025-04-29 18:00:29 DEBUG : Reallocating memory for wP, wPV and wV
2025-04-29 18:00:29 DEBUG : Reallocating memory for wP, wPV and wV
2025-04-29 18:00:29 DEBUG : Reallocating memory for wP, wPV and wV
2025-04-29 18:00:29 DEBUG : Reallocating memory for wP, wPV and wV
2025-04-29 18:00:29 DEBUG : Reallocating memory for wP, wPV and wV
2025-04-29 18:00:29 DEBUG : Reallocating memory for wP, wPV and wV
2025-04-29 18:00:29 DEBUG : Reallocating memory for wP, wPV and wV
2025-04-29 18:00:29 DEBUG : Reallocating memory for wP, wPV and wV
2025-04-29 18:00:29 DEBUG : Reallocating memory for wP, wPV and wV
2025-04-29 18:00:29 INFO  : Reading input file...
2025-04-29 18:00:29 INFO  : Writing mask file ./100Kchr10_fa2ms_05.ms.mask.txt.gz
2025-04-29 18:00:39 INFO  : Writing ms file ./100Kchr10_fa2ms_05.ms.txt  
2025-04-29 18:00:39 INFO  : Program Ended
