2025-01-07 03:47:03 DEBUG : Open log file...
2025-01-07 03:47:03 INFO  : Using tfasta weights file ./100Kchr10_fa2ms_13.ms.txt_npops1_nsam42_nonsynonymous_max_ExcludeMissingmhits_NOoutg_ploidy1_TFAv2_WEIGHTS.gz
2025-01-07 03:47:03 INFO  : Validating tfasta weights file ./100Kchr10_fa2ms_13.ms.txt_npops1_nsam42_nonsynonymous_max_ExcludeMissingmhits_NOoutg_ploidy1_TFAv2_WEIGHTS.gz
2025-01-07 03:47:03 INFO  : tfasta weights file ./100Kchr10_fa2ms_13.ms.txt_npops1_nsam42_nonsynonymous_max_ExcludeMissingmhits_NOoutg_ploidy1_TFAv2_WEIGHTS.gz is valid
2025-01-07 03:47:03 DEBUG : Reallocating memory for wP, wPV and wV
2025-01-07 03:47:03 DEBUG : Reallocating memory for wP, wPV and wV
2025-01-07 03:47:03 DEBUG : Reallocating memory for wP, wPV and wV
2025-01-07 03:47:03 DEBUG : Reallocating memory for wP, wPV and wV
2025-01-07 03:47:03 DEBUG : Reallocating memory for wP, wPV and wV
2025-01-07 03:47:03 DEBUG : Reallocating memory for wP, wPV and wV
2025-01-07 03:47:03 DEBUG : Reallocating memory for wP, wPV and wV
2025-01-07 03:47:03 DEBUG : Reallocating memory for wP, wPV and wV
2025-01-07 03:47:03 DEBUG : Reallocating memory for wP, wPV and wV
2025-01-07 03:47:03 DEBUG : Reallocating memory for wP, wPV and wV
2025-01-07 03:47:03 DEBUG : Reallocating memory for wP, wPV and wV
2025-01-07 03:47:03 DEBUG : Reallocating memory for wP, wPV and wV
2025-01-07 03:47:03 DEBUG : Reallocating memory for wP, wPV and wV
2025-01-07 03:47:03 DEBUG : Reallocating memory for wP, wPV and wV
2025-01-07 03:47:03 DEBUG : Reallocating memory for wP, wPV and wV
2025-01-07 03:47:03 DEBUG : Reallocating memory for wP, wPV and wV
2025-01-07 03:47:03 DEBUG : Reallocating memory for wP, wPV and wV
2025-01-07 03:47:03 DEBUG : Reallocating memory for wP, wPV and wV
2025-01-07 03:47:03 DEBUG : Reallocating memory for wP, wPV and wV
2025-01-07 03:47:03 DEBUG : Reallocating memory for wP, wPV and wV
2025-01-07 03:47:03 DEBUG : Reallocating memory for wP, wPV and wV
2025-01-07 03:47:03 DEBUG : Reallocating memory for wP, wPV and wV
2025-01-07 03:47:03 DEBUG : Reallocating memory for wP, wPV and wV
2025-01-07 03:47:03 DEBUG : Reallocating memory for wP, wPV and wV
2025-01-07 03:47:03 DEBUG : Reallocating memory for wP, wPV and wV
2025-01-07 03:47:03 DEBUG : Reallocating memory for wP, wPV and wV
2025-01-07 03:47:03 DEBUG : Reallocating memory for wP, wPV and wV
2025-01-07 03:47:03 DEBUG : Reallocating memory for wP, wPV and wV
2025-01-07 03:47:03 DEBUG : Reallocating memory for wP, wPV and wV
2025-01-07 03:47:03 DEBUG : Reallocating memory for wP, wPV and wV
2025-01-07 03:47:03 DEBUG : Reallocating memory for wP, wPV and wV
2025-01-07 03:47:03 DEBUG : Reallocating memory for wP, wPV and wV
2025-01-07 03:47:03 DEBUG : Reallocating memory for wP, wPV and wV
2025-01-07 03:47:03 DEBUG : Reallocating memory for wP, wPV and wV
2025-01-07 03:47:03 DEBUG : Reallocating memory for wP, wPV and wV
2025-01-07 03:47:03 DEBUG : Reallocating memory for wP, wPV and wV
2025-01-07 03:47:03 DEBUG : Reallocating memory for wP, wPV and wV
2025-01-07 03:47:03 DEBUG : Reallocating memory for wP, wPV and wV
2025-01-07 03:47:03 DEBUG : Reallocating memory for wP, wPV and wV
2025-01-07 03:47:03 DEBUG : Reallocating memory for wP, wPV and wV
2025-01-07 03:47:03 DEBUG : Reallocating memory for wP, wPV and wV
2025-01-07 03:47:03 DEBUG : Reallocating memory for wP, wPV and wV
2025-01-07 03:47:03 DEBUG : Reallocating memory for wP, wPV and wV
2025-01-07 03:47:03 DEBUG : Reallocating memory for wP, wPV and wV
2025-01-07 03:47:03 DEBUG : Reallocating memory for wP, wPV and wV
2025-01-07 03:47:03 DEBUG : Reallocating memory for wP, wPV and wV
2025-01-07 03:47:03 DEBUG : Reallocating memory for wP, wPV and wV
2025-01-07 03:47:03 DEBUG : Reallocating memory for wP, wPV and wV
2025-01-07 03:47:03 DEBUG : Reallocating memory for wP, wPV and wV
2025-01-07 03:47:03 DEBUG : Reallocating memory for wP, wPV and wV
2025-01-07 03:47:03 DEBUG : Reallocating memory for wP, wPV and wV
2025-01-07 03:47:03 DEBUG : Reallocating memory for wP, wPV and wV
2025-01-07 03:47:03 DEBUG : Reallocating memory for wP, wPV and wV
2025-01-07 03:47:03 DEBUG : Reallocating memory for wP, wPV and wV
2025-01-07 03:47:03 DEBUG : Reallocating memory for wP, wPV and wV
2025-01-07 03:47:03 DEBUG : Reallocating memory for wP, wPV and wV
2025-01-07 03:47:03 DEBUG : Reallocating memory for wP, wPV and wV
2025-01-07 03:47:03 DEBUG : Reallocating memory for wP, wPV and wV
2025-01-07 03:47:03 DEBUG : Reallocating memory for wP, wPV and wV
2025-01-07 03:47:03 DEBUG : Reallocating memory for wP, wPV and wV
2025-01-07 03:47:03 DEBUG : Reallocating memory for wP, wPV and wV
2025-01-07 03:47:03 DEBUG : Reallocating memory for wP, wPV and wV
2025-01-07 03:47:03 DEBUG : Reallocating memory for wP, wPV and wV
2025-01-07 03:47:03 DEBUG : Reallocating memory for wP, wPV and wV
2025-01-07 03:47:03 DEBUG : Reallocating memory for wP, wPV and wV
2025-01-07 03:47:03 DEBUG : Reallocating memory for wP, wPV and wV
2025-01-07 03:47:03 DEBUG : Reallocating memory for wP, wPV and wV
2025-01-07 03:47:03 DEBUG : Reallocating memory for wP, wPV and wV
2025-01-07 03:47:03 DEBUG : Reallocating memory for wP, wPV and wV
2025-01-07 03:47:03 DEBUG : Reallocating memory for wP, wPV and wV
2025-01-07 03:47:03 DEBUG : Reallocating memory for wP, wPV and wV
2025-01-07 03:47:03 DEBUG : Reallocating memory for wP, wPV and wV
2025-01-07 03:47:03 DEBUG : Reallocating memory for wP, wPV and wV
2025-01-07 03:47:03 DEBUG : Reallocating memory for wP, wPV and wV
2025-01-07 03:47:03 DEBUG : Reallocating memory for wP, wPV and wV
2025-01-07 03:47:03 DEBUG : Reallocating memory for wP, wPV and wV
2025-01-07 03:47:03 DEBUG : Reallocating memory for wP, wPV and wV
2025-01-07 03:47:03 DEBUG : Reallocating memory for wP, wPV and wV
2025-01-07 03:47:03 DEBUG : Reallocating memory for wP, wPV and wV
2025-01-07 03:47:03 DEBUG : Reallocating memory for wP, wPV and wV
2025-01-07 03:47:03 DEBUG : Reallocating memory for wP, wPV and wV
2025-01-07 03:47:03 DEBUG : Reallocating memory for wP, wPV and wV
2025-01-07 03:47:03 DEBUG : Reallocating memory for wP, wPV and wV
2025-01-07 03:47:03 DEBUG : Reallocating memory for wP, wPV and wV
2025-01-07 03:47:03 DEBUG : Reallocating memory for wP, wPV and wV
2025-01-07 03:47:03 DEBUG : Reallocating memory for wP, wPV and wV
2025-01-07 03:47:03 DEBUG : Reallocating memory for wP, wPV and wV
2025-01-07 03:47:03 DEBUG : Reallocating memory for wP, wPV and wV
2025-01-07 03:47:03 DEBUG : Reallocating memory for wP, wPV and wV
2025-01-07 03:47:03 DEBUG : Reallocating memory for wP, wPV and wV
2025-01-07 03:47:03 DEBUG : Reallocating memory for wP, wPV and wV
2025-01-07 03:47:03 DEBUG : Reallocating memory for wP, wPV and wV
2025-01-07 03:47:03 DEBUG : Reallocating memory for wP, wPV and wV
2025-01-07 03:47:03 DEBUG : Reallocating memory for wP, wPV and wV
2025-01-07 03:47:03 DEBUG : Reallocating memory for wP, wPV and wV
2025-01-07 03:47:03 DEBUG : Reallocating memory for wP, wPV and wV
2025-01-07 03:47:03 DEBUG : Reallocating memory for wP, wPV and wV
2025-01-07 03:47:03 DEBUG : Reallocating memory for wP, wPV and wV
2025-01-07 03:47:03 DEBUG : Reallocating memory for wP, wPV and wV
2025-01-07 03:47:03 INFO  : Reading coordinates file...
2025-01-07 03:47:03 INFO  : Reading input file...
2025-01-07 03:47:03 INFO  : Writing mask file ./100Kchr10_fa2ms_14.ms.txt_npops1_nsam84_IncludedWeightFile_ExcludeMissingVariantsmhits_NOoutg_ploidy2_MASK.txt
2025-01-07 03:47:23 INFO  : Writing ms file ./100Kchr10_fa2ms_14.ms.txt  
2025-01-07 03:47:23 INFO  : Program Ended
